[debug] [2022-05-01T15:21:09.196Z] ----------------------------------------------------------------------
[debug] [2022-05-01T15:21:09.199Z] Command:       D:\Programs\node_js\node.exe C:\Users\igora\AppData\Roaming\npm\node_modules\firebase-tools\lib\bin\firebase.js init
[debug] [2022-05-01T15:21:09.199Z] CLI Version:   10.6.0
[debug] [2022-05-01T15:21:09.199Z] Platform:      win32
[debug] [2022-05-01T15:21:09.200Z] Node Version:  v16.14.2
[debug] [2022-05-01T15:21:09.201Z] Time:          Sun May 01 2022 18:21:09 GMT+0300 (Eastern European Summer Time)
[debug] [2022-05-01T15:21:09.201Z] ----------------------------------------------------------------------
[debug] 
[debug] [2022-05-01T15:21:09.213Z] >>> [apiv2][query] GET https://firebase-public.firebaseio.com/cli.json [none]
[debug] [2022-05-01T15:21:09.354Z] > command requires scopes: ["email","openid","https://www.googleapis.com/auth/cloudplatformprojects.readonly","https://www.googleapis.com/auth/firebase","https://www.googleapis.com/auth/cloud-platform"]
[debug] [2022-05-01T15:21:09.354Z] > authorizing via signed-in user (ihoralianoi.ua@gmail.com)
[info] 
     ######## #### ########  ######## ########     ###     ######  ########
     ##        ##  ##     ## ##       ##     ##  ##   ##  ##       ##
     ######    ##  ########  ######   ########  #########  ######  ######
     ##        ##  ##    ##  ##       ##     ## ##     ##       ## ##
     ##       #### ##     ## ######## ########  ##     ##  ######  ########

You're about to initialize a Firebase project in this directory:

  D:\Frontend\projects\alyanoyigor-REACT2022Q1

Before we get started, keep in mind:

  * You are initializing within an existing Firebase project directory

[debug] [2022-05-01T15:21:09.906Z] <<< [apiv2][status] GET https://firebase-public.firebaseio.com/cli.json 200
[debug] [2022-05-01T15:21:09.907Z] <<< [apiv2][body] GET https://firebase-public.firebaseio.com/cli.json {"cloudBuildErrorAfter":1594252800000,"cloudBuildWarnAfter":1590019200000,"defaultNode10After":1594252800000,"minVersion":"3.0.5","node8DeploysDisabledAfter":1613390400000,"node8RuntimeDisabledAfter":1615809600000,"node8WarnAfter":1600128000000}
